<?xml version="1.0" encoding="UTF-8"?>
<testng-results skipped="0" failed="0" total="1" passed="1">
  <reporter-output>
  </reporter-output>
  <suite name="Default suite" duration-ms="15312" started-at="2016-10-18T12:06:38Z" finished-at="2016-10-18T12:06:53Z">
    <groups>
    </groups>
    <test name="Default test" duration-ms="15312" started-at="2016-10-18T12:06:38Z" finished-at="2016-10-18T12:06:53Z">
      <class name="Selenium.Screenshot">
        <test-method status="PASS" signature="TestJavaS1()[pri:0, instance:Selenium.Screenshot@51efea79]" name="TestJavaS1" duration-ms="15297" started-at="2016-10-18T17:36:38Z" finished-at="2016-10-18T17:36:53Z">
          <reporter-output>
          </reporter-output>
        </test-method> <!-- TestJavaS1 -->
      </class> <!-- Selenium.Screenshot -->
    </test> <!-- Default test -->
  </suite> <!-- Default suite -->
</testng-results>
